<?xml version="1.0" encoding="UTF-8"?>
<!-- Generated by org.testng.reporters.JUnitReportReporter -->
<testsuite hostname="FVFHXLHQQ6LR" failures="0" tests="1" name="runnerclass" time="20.374" errors="0" timestamp="2023-05-22T12:33:15 IST" skipped="0">
  <testcase classname="runnerclass" name="runScenario" time="20.374"/>
  <system-out/>
</testsuite> <!-- runnerclass -->
